<?xml version="1.0" encoding="UTF-8"?>
<testsuite name="qa.guru.CheckFieldsTest" tests="1" skipped="0" failures="1" errors="0" timestamp="2024-09-03T14:52:22" hostname="DESKTOP-MD9C4IL" time="0.211">
  <properties/>
  <testcase name="Тест проверяет авторизацию пользователя" classname="qa.guru.CheckFieldsTest" time="0.211">
    <failure message="java.lang.IllegalStateException: No webdriver is bound to current thread: 1. You need to call open(url) first." type="java.lang.IllegalStateException">java.lang.IllegalStateException: No webdriver is bound to current thread: 1. You need to call open(url) first.
	at com.codeborne.selenide.impl.WebDriverThreadLocalContainer.lambda$currentThreadDriver$1(WebDriverThreadLocalContainer.java:180)
	at java.base/java.util.Optional.orElseThrow(Optional.java:403)
	at com.codeborne.selenide.impl.WebDriverThreadLocalContainer.currentThreadDriver(WebDriverThreadLocalContainer.java:179)
	at com.codeborne.selenide.impl.WebDriverThreadLocalContainer.getWebDriver(WebDriverThreadLocalContainer.java:142)
	at com.codeborne.selenide.WebDriverRunner.getWebDriver(WebDriverRunner.java:112)
	at com.codeborne.selenide.impl.StaticDriver.getWebDriver(StaticDriver.java:51)
	at com.codeborne.selenide.Driver.getSessionId(Driver.java:109)
	at com.codeborne.selenide.SelenideDriver.getSessionId(SelenideDriver.java:444)
	at com.codeborne.selenide.Selenide.sessionId(Selenide.java:1022)
	at helpers.Attach.getVideoUrl(Attach.java:47)
	at helpers.Attach.addVideo(Attach.java:42)
	at qa.guru.BaseTest.beforeEach(BaseTest.java:26)
	at java.base/java.lang.reflect.Method.invoke(Method.java:568)
	at io.qameta.allure.junit5.AllureJunit5.processFixture(AllureJunit5.java:138)
	at io.qameta.allure.junit5.AllureJunit5.interceptBeforeEachMethod(AllureJunit5.java:116)
	at java.base/java.util.ArrayList.forEach(ArrayList.java:1511)
	at java.base/java.util.ArrayList.forEach(ArrayList.java:1511)
</failure>
  </testcase>
  <system-out><![CDATA[]]></system-out>
  <system-err><![CDATA[]]></system-err>
</testsuite>
